2025-03-19 17:57:06,869 - INFO - Welcome! Starting Phase 5 experiment on chicken sound classification.
2025-03-19 17:57:06,870 - INFO - Step 1: Preparing dataset with augmentation.
2025-03-19 17:57:06,870 - INFO - Hello! I'm starting dataset preparation.
2025-03-19 17:57:06,870 - INFO - Step 1: Processing healthy chicken audio files...
2025-03-19 18:13:06,194 - INFO - Step 2: Processing sick chicken audio files...
2025-03-19 18:28:34,267 - INFO - Step 3: Processing noise audio files...
2025-03-19 18:39:32,063 - INFO - Balancing classes using SMOTE...
2025-03-19 18:39:32,075 - INFO - Dataset prepared: 42000 samples with 24 features each
2025-03-19 18:39:32,298 - INFO - [Checkpoint] Saved: dataset
2025-03-19 18:39:32,299 - INFO - Step 2: Performing feature selection analysis.
2025-03-19 18:39:32,300 - INFO - Let's analyze the features to see which ones matter most!
2025-03-19 21:04:03,213 - INFO - RFECV selected 24 features
2025-03-19 21:04:11,790 - INFO - PCA selected 5 components
2025-03-19 21:04:11,792 - INFO - [Checkpoint] Saved: feature_selection
2025-03-19 21:04:11,828 - INFO - Step 3: Training recommended models with deep RL tuning.
2025-03-19 21:04:11,829 - INFO - Starting model training with deep RL tuning...
2025-03-19 21:04:11,867 - INFO - Tuning Two-Tier SVM (tier1 and tier2)...
2025-03-19 21:04:11,875 - INFO - Starting deep RL tuning for SVM hyperparameters...
2025-03-19 21:10:03,998 - INFO - [RL SVM] Episode 1: C=7.0167, gamma=0.6571, reward=0.9098
2025-03-19 21:15:49,688 - INFO - [RL SVM] Episode 2: C=5.5593, gamma=0.7371, reward=0.9074
2025-03-19 21:18:44,677 - INFO - [RL SVM] Episode 3: C=1.0111, gamma=0.3441, reward=0.8966
2025-03-19 21:25:14,680 - INFO - [RL SVM] Episode 4: C=0.5701, gamma=4.9938, reward=0.7752
2025-03-19 21:28:09,734 - INFO - [RL SVM] Episode 5: C=0.5521, gamma=3.0313, reward=0.8015
2025-03-19 21:32:36,383 - INFO - [RL SVM] Episode 6: C=1.4219, gamma=1.4322, reward=0.8864
2025-03-19 21:33:43,526 - INFO - [RL SVM] Episode 7: C=0.4707, gamma=0.4481, reward=0.8764
2025-03-19 21:35:26,926 - INFO - [RL SVM] Episode 8: C=0.9801, gamma=0.6751, reward=0.8933
2025-03-19 21:38:36,378 - INFO - [RL SVM] Episode 9: C=6.7072, gamma=0.5491, reward=0.9117
2025-03-19 21:40:38,352 - INFO - [RL SVM] Episode 10: C=0.7307, gamma=1.9694, reward=0.8526
2025-03-19 21:42:38,828 - INFO - [RL SVM] Episode 11: C=0.9126, gamma=0.7720, reward=0.8901
2025-03-19 21:46:46,847 - INFO - [RL SVM] Episode 12: C=0.7748, gamma=1.1617, reward=0.8761
2025-03-19 21:47:44,216 - INFO - [RL SVM] Episode 13: C=0.5792, gamma=0.3511, reward=0.8853
2025-03-19 21:48:47,395 - INFO - [RL SVM] Episode 14: C=1.8581, gamma=0.3041, reward=0.9027
2025-03-19 21:51:04,731 - INFO - [RL SVM] Episode 15: C=0.4271, gamma=0.3296, reward=0.8764
2025-03-19 21:53:25,255 - INFO - [RL SVM] Episode 16: C=0.6068, gamma=2.8330, reward=0.8164
2025-03-19 21:55:52,491 - INFO - [RL SVM] Episode 17: C=1.0026, gamma=2.1369, reward=0.8639
2025-03-19 21:58:52,081 - INFO - [RL SVM] Episode 18: C=3.3100, gamma=0.5273, reward=0.9085
2025-03-19 22:01:17,004 - INFO - [RL SVM] Episode 19: C=1.2747, gamma=1.6638, reward=0.8806
2025-03-19 22:05:17,338 - INFO - [RL SVM] Episode 20: C=0.1849, gamma=1.3892, reward=0.7652
2025-03-19 22:07:29,027 - INFO - [RL SVM] Episode 21: C=0.5119, gamma=4.2319, reward=0.7762
2025-03-19 22:11:41,901 - INFO - [RL SVM] Episode 22: C=3.1516, gamma=1.4395, reward=0.8913
2025-03-19 22:13:28,844 - INFO - [RL SVM] Episode 23: C=3.0295, gamma=0.5684, reward=0.9073
2025-03-19 22:14:42,966 - INFO - [RL SVM] Episode 24: C=0.7774, gamma=0.5447, reward=0.8901
2025-03-19 22:18:03,280 - INFO - [RL SVM] Episode 25: C=0.6613, gamma=0.8246, reward=0.8774
2025-03-19 22:19:30,579 - INFO - [RL SVM] Episode 26: C=1.3870, gamma=0.4525, reward=0.9012
2025-03-19 22:23:19,277 - INFO - [RL SVM] Episode 27: C=10.3143, gamma=7.8060, reward=0.8298
2025-03-19 22:24:07,235 - INFO - [RL SVM] Episode 28: C=1.9591, gamma=0.2003, reward=0.8997
2025-03-19 22:32:07,634 - INFO - [RL SVM] Episode 29: C=3.6113, gamma=2.0612, reward=0.8793
2025-03-19 22:33:20,440 - INFO - [RL SVM] Episode 30: C=0.5399, gamma=0.5757, reward=0.8773
2025-03-19 22:38:53,307 - INFO - [RL SVM] Episode 31: C=1.2085, gamma=4.0713, reward=0.8471
2025-03-19 22:42:30,166 - INFO - [RL SVM] Episode 32: C=1.9990, gamma=0.7939, reward=0.9005
2025-03-19 22:44:21,955 - INFO - [RL SVM] Episode 33: C=1.6628, gamma=0.8182, reward=0.8985
2025-03-19 22:49:12,407 - INFO - [RL SVM] Episode 34: C=0.9772, gamma=2.6015, reward=0.8551
2025-03-19 22:55:50,760 - INFO - [RL SVM] Episode 35: C=0.6530, gamma=1.7233, reward=0.8512
2025-03-19 23:03:19,486 - INFO - [RL SVM] Episode 36: C=2.1365, gamma=1.2795, reward=0.8931
2025-03-19 23:09:51,369 - INFO - [RL SVM] Episode 37: C=0.7098, gamma=1.0853, reward=0.8737
2025-03-19 23:18:56,532 - INFO - [RL SVM] Episode 38: C=3.5886, gamma=1.1203, reward=0.8981
2025-03-19 23:22:06,436 - INFO - [RL SVM] Episode 39: C=0.9985, gamma=0.4119, reward=0.8955
2025-03-19 23:23:00,759 - INFO - [RL SVM] Episode 40: C=0.5499, gamma=0.1504, reward=0.8796
2025-03-19 23:31:02,733 - INFO - [RL SVM] Episode 41: C=2.4121, gamma=2.1077, reward=0.8774
2025-03-19 23:34:59,033 - INFO - [RL SVM] Episode 42: C=1.0962, gamma=0.7114, reward=0.8954
2025-03-19 23:41:16,030 - INFO - [RL SVM] Episode 43: C=0.6646, gamma=2.1256, reward=0.8418
2025-03-19 23:44:35,226 - INFO - [RL SVM] Episode 44: C=2.0385, gamma=0.3759, reward=0.9053
2025-03-19 23:46:48,174 - INFO - [RL SVM] Episode 45: C=0.7638, gamma=0.8185, reward=0.8829
2025-03-19 23:50:22,990 - INFO - [RL SVM] Episode 46: C=0.7195, gamma=0.5534, reward=0.8878
2025-03-19 23:54:47,557 - INFO - [RL SVM] Episode 47: C=0.8507, gamma=1.6882, reward=0.8668
2025-03-19 23:59:06,359 - INFO - [RL SVM] Episode 48: C=0.1929, gamma=0.6930, reward=0.8141
2025-03-20 00:06:06,468 - INFO - [RL SVM] Episode 49: C=1.1920, gamma=0.7043, reward=0.8973
2025-03-20 00:11:30,797 - INFO - [RL SVM] Episode 50: C=0.7672, gamma=1.4247, reward=0.8683
2025-03-20 00:15:23,834 - INFO - [RL SVM] Episode 51: C=0.8563, gamma=1.2156, reward=0.8780
2025-03-20 00:19:18,717 - INFO - [RL SVM] Episode 52: C=1.3600, gamma=0.5425, reward=0.9010
2025-03-20 00:24:55,774 - INFO - [RL SVM] Episode 53: C=0.9388, gamma=1.8507, reward=0.8665
2025-03-20 00:31:49,506 - INFO - [RL SVM] Episode 54: C=2.4799, gamma=0.7502, reward=0.9033
2025-03-20 00:38:06,700 - INFO - [RL SVM] Episode 55: C=1.7465, gamma=0.8441, reward=0.8985
2025-03-20 00:45:15,032 - INFO - [RL SVM] Episode 56: C=0.3932, gamma=1.7958, reward=0.8060
2025-03-20 00:51:43,886 - INFO - [RL SVM] Episode 57: C=1.8961, gamma=0.8516, reward=0.8987
2025-03-20 00:59:43,090 - INFO - [RL SVM] Episode 58: C=0.4010, gamma=1.3418, reward=0.8246
2025-03-20 01:09:30,109 - INFO - [RL SVM] Episode 59: C=1.6000, gamma=1.6521, reward=0.8840
2025-03-20 01:17:17,317 - INFO - [RL SVM] Episode 60: C=0.4227, gamma=1.3706, reward=0.8270
2025-03-20 01:23:32,975 - INFO - [RL SVM] Episode 61: C=1.2749, gamma=0.5563, reward=0.8999
2025-03-20 01:31:48,268 - INFO - [RL SVM] Episode 62: C=0.6114, gamma=1.2599, reward=0.8607
2025-03-20 01:40:16,004 - INFO - [RL SVM] Episode 63: C=1.3157, gamma=1.2182, reward=0.8891
2025-03-20 01:45:56,664 - INFO - [RL SVM] Episode 64: C=1.9686, gamma=0.4586, reward=0.9057
2025-03-20 01:53:06,170 - INFO - [RL SVM] Episode 65: C=0.7702, gamma=0.8720, reward=0.8818
2025-03-20 02:01:32,822 - INFO - [RL SVM] Episode 66: C=1.4026, gamma=0.8112, reward=0.8972
2025-03-20 02:09:39,353 - INFO - [RL SVM] Episode 67: C=0.8145, gamma=1.0552, reward=0.8798
2025-03-20 02:15:32,235 - INFO - [RL SVM] Episode 68: C=2.7129, gamma=0.4545, reward=0.9087
2025-03-20 02:19:27,700 - INFO - [RL SVM] Episode 69: C=0.4622, gamma=0.3835, reward=0.8788
2025-03-20 02:33:50,014 - INFO - [RL SVM] Episode 70: C=1.0475, gamma=2.4926, reward=0.8596
2025-03-20 02:46:53,606 - INFO - [RL SVM] Episode 71: C=1.3153, gamma=1.6405, reward=0.8815
2025-03-20 02:53:41,616 - INFO - [RL SVM] Episode 72: C=0.5614, gamma=0.3963, reward=0.8847
2025-03-20 03:06:06,704 - INFO - [RL SVM] Episode 73: C=0.5158, gamma=1.6206, reward=0.8314
2025-03-20 03:17:04,889 - INFO - [RL SVM] Episode 74: C=1.6495, gamma=0.9555, reward=0.8960
2025-03-20 03:27:33,661 - INFO - [RL SVM] Episode 75: C=0.8105, gamma=0.8938, reward=0.8833
2025-03-20 03:39:25,253 - INFO - [RL SVM] Episode 76: C=1.0512, gamma=2.1759, reward=0.8651
2025-03-20 03:48:31,653 - INFO - [RL SVM] Episode 77: C=2.8610, gamma=1.1174, reward=0.8970
2025-03-20 03:54:44,457 - INFO - [RL SVM] Episode 78: C=0.9742, gamma=0.5265, reward=0.8950
2025-03-20 04:03:02,688 - INFO - [RL SVM] Episode 79: C=1.2090, gamma=0.8693, reward=0.8948
2025-03-20 04:11:47,104 - INFO - [RL SVM] Episode 80: C=1.5085, gamma=1.1651, reward=0.8916
2025-03-20 04:21:29,924 - INFO - [RL SVM] Episode 81: C=1.1091, gamma=1.7496, reward=0.8747
2025-03-20 04:26:52,120 - INFO - [RL SVM] Episode 82: C=1.7930, gamma=0.6732, reward=0.9024
2025-03-20 04:32:34,506 - INFO - [RL SVM] Episode 83: C=1.4071, gamma=1.0766, reward=0.8931
2025-03-20 04:38:18,557 - INFO - [RL SVM] Episode 84: C=0.6337, gamma=1.8925, reward=0.8432
2025-03-20 04:43:24,859 - INFO - [RL SVM] Episode 85: C=0.6791, gamma=0.9064, reward=0.8766
2025-03-20 04:47:18,094 - INFO - [RL SVM] Episode 86: C=0.6550, gamma=0.6413, reward=0.8824
2025-03-20 04:55:42,268 - INFO - [RL SVM] Episode 87: C=2.9026, gamma=0.9667, reward=0.9005
2025-03-20 05:04:53,079 - INFO - [RL SVM] Episode 88: C=0.6970, gamma=1.8868, reward=0.8520
2025-03-20 05:10:10,570 - INFO - [RL SVM] Episode 89: C=0.6150, gamma=1.1507, reward=0.8649
2025-03-20 05:15:49,097 - INFO - [RL SVM] Episode 90: C=1.0670, gamma=1.3733, reward=0.8811
2025-03-20 05:21:54,459 - INFO - [RL SVM] Episode 91: C=1.3933, gamma=1.3618, reward=0.8874
2025-03-20 05:28:20,093 - INFO - [RL SVM] Episode 92: C=0.8701, gamma=2.4911, reward=0.8526
2025-03-20 05:37:03,878 - INFO - [RL SVM] Episode 93: C=0.3877, gamma=1.3956, reward=0.8198
2025-03-20 05:45:01,965 - INFO - [RL SVM] Episode 94: C=0.5931, gamma=1.0000, reward=0.8680
2025-03-20 05:50:30,138 - INFO - [RL SVM] Episode 95: C=1.1372, gamma=1.0666, reward=0.8896
2025-03-20 05:54:59,145 - INFO - [RL SVM] Episode 96: C=1.1074, gamma=0.5981, reward=0.8967
2025-03-20 06:00:33,778 - INFO - [RL SVM] Episode 97: C=2.0517, gamma=1.0344, reward=0.8967
2025-03-20 06:06:08,141 - INFO - [RL SVM] Episode 98: C=0.8292, gamma=1.0078, reward=0.8814
2025-03-20 06:12:04,131 - INFO - [RL SVM] Episode 99: C=1.8107, gamma=1.1156, reward=0.8940
2025-03-20 06:17:34,149 - INFO - [RL SVM] Episode 100: C=0.6789, gamma=1.0695, reward=0.8727
2025-03-20 06:17:34,586 - INFO - Best SVM hyperparameters found: (6.707220554351807, 0.5491077303886414) with reward 0.9117
2025-03-20 06:29:02,616 - INFO - Starting deep RL tuning for SVM hyperparameters...
2025-03-20 06:30:34,922 - INFO - [RL SVM] Episode 1: C=3.1700, gamma=0.2132, reward=0.9050
2025-03-20 06:31:44,933 - INFO - [RL SVM] Episode 2: C=0.6138, gamma=0.3897, reward=0.8867
2025-03-20 06:33:25,485 - INFO - [RL SVM] Episode 3: C=0.2979, gamma=4.3049, reward=0.7756
2025-03-20 06:37:05,358 - INFO - [RL SVM] Episode 4: C=4.7494, gamma=2.7749, reward=0.8721
2025-03-20 06:38:11,745 - INFO - [RL SVM] Episode 5: C=1.8246, gamma=0.2936, reward=0.9039
2025-03-20 06:39:38,570 - INFO - [RL SVM] Episode 6: C=0.3545, gamma=1.1031, reward=0.8394
2025-03-20 06:40:41,804 - INFO - [RL SVM] Episode 7: C=0.2478, gamma=0.1776, reward=0.8570
2025-03-20 06:42:00,630 - INFO - [RL SVM] Episode 8: C=0.6465, gamma=0.5490, reward=0.8869
2025-03-20 06:47:26,407 - INFO - [RL SVM] Episode 9: C=3.2759, gamma=1.5041, reward=0.8975
2025-03-20 06:50:39,073 - INFO - [RL SVM] Episode 10: C=0.6656, gamma=0.5099, reward=0.8878
2025-03-20 06:52:03,917 - INFO - [RL SVM] Episode 11: C=0.3975, gamma=1.1147, reward=0.8525
2025-03-20 06:53:22,268 - INFO - [RL SVM] Episode 12: C=1.5311, gamma=0.3964, reward=0.9047
2025-03-20 06:58:58,640 - INFO - [RL SVM] Episode 13: C=1.5529, gamma=1.7503, reward=0.8888
2025-03-20 06:59:56,541 - INFO - [RL SVM] Episode 14: C=1.1199, gamma=0.2492, reward=0.8953
2025-03-20 07:04:41,909 - INFO - [RL SVM] Episode 15: C=3.1940, gamma=1.0314, reward=0.9056
2025-03-20 07:06:30,719 - INFO - [RL SVM] Episode 16: C=0.5861, gamma=2.5203, reward=0.8396
2025-03-20 07:10:12,412 - INFO - [RL SVM] Episode 17: C=4.0256, gamma=0.5243, reward=0.9115
2025-03-20 07:11:30,378 - INFO - [RL SVM] Episode 18: C=0.3429, gamma=0.6423, reward=0.8569
2025-03-20 07:14:03,423 - INFO - [RL SVM] Episode 19: C=2.2919, gamma=0.4034, reward=0.9084
2025-03-20 07:17:05,994 - INFO - [RL SVM] Episode 20: C=0.7235, gamma=0.4207, reward=0.8907
2025-03-20 07:19:51,413 - INFO - [RL SVM] Episode 21: C=0.8471, gamma=0.5868, reward=0.8939
2025-03-20 07:22:34,199 - INFO - [RL SVM] Episode 22: C=0.7914, gamma=0.2950, reward=0.8915
2025-03-20 07:27:02,394 - INFO - [RL SVM] Episode 23: C=0.8673, gamma=2.8652, reward=0.8489
2025-03-20 07:31:35,111 - INFO - [RL SVM] Episode 24: C=1.4255, gamma=1.0744, reward=0.8990
2025-03-20 07:33:12,911 - INFO - [RL SVM] Episode 25: C=2.5753, gamma=0.1613, reward=0.8981
2025-03-20 07:37:41,881 - INFO - [RL SVM] Episode 26: C=2.3329, gamma=0.8913, reward=0.9046
2025-03-20 07:43:00,011 - INFO - [RL SVM] Episode 27: C=3.3228, gamma=2.7740, reward=0.8714
2025-03-20 07:47:33,525 - INFO - [RL SVM] Episode 28: C=0.7238, gamma=11.8723, reward=0.7932
2025-03-20 07:49:54,557 - INFO - [RL SVM] Episode 29: C=1.2037, gamma=0.4184, reward=0.9007
2025-03-20 07:51:51,238 - INFO - [RL SVM] Episode 30: C=1.1191, gamma=0.2524, reward=0.8954
2025-03-20 07:53:52,007 - INFO - [RL SVM] Episode 31: C=1.1326, gamma=0.6597, reward=0.9002
2025-03-20 07:57:02,094 - INFO - [RL SVM] Episode 32: C=0.2727, gamma=1.4393, reward=0.7908
2025-03-20 07:58:27,832 - INFO - [RL SVM] Episode 33: C=0.4213, gamma=0.8843, reward=0.8631
2025-03-20 08:00:57,073 - INFO - [RL SVM] Episode 34: C=1.2959, gamma=0.4307, reward=0.9028
2025-03-20 08:03:51,958 - INFO - [RL SVM] Episode 35: C=0.4160, gamma=1.0230, reward=0.8584
2025-03-20 08:06:45,105 - INFO - [RL SVM] Episode 36: C=1.7188, gamma=0.4795, reward=0.9058
2025-03-20 08:08:07,638 - INFO - [RL SVM] Episode 37: C=0.3062, gamma=0.8532, reward=0.8397
2025-03-20 08:12:35,576 - INFO - [RL SVM] Episode 38: C=1.1571, gamma=1.6616, reward=0.8884
2025-03-20 08:13:53,373 - INFO - [RL SVM] Episode 39: C=1.6563, gamma=0.3605, reward=0.9042
2025-03-20 08:18:27,133 - INFO - [RL SVM] Episode 40: C=0.8872, gamma=4.0346, reward=0.8325
2025-03-20 08:19:26,197 - INFO - [RL SVM] Episode 41: C=0.4790, gamma=0.2294, reward=0.8756
2025-03-20 08:23:03,124 - INFO - [RL SVM] Episode 42: C=1.6625, gamma=2.8121, reward=0.8693
2025-03-20 08:25:53,994 - INFO - [RL SVM] Episode 43: C=0.7779, gamma=0.6382, reward=0.8908
2025-03-20 08:27:39,343 - INFO - [RL SVM] Episode 44: C=0.6509, gamma=0.7630, reward=0.8842
2025-03-20 08:32:05,428 - INFO - [RL SVM] Episode 45: C=1.1840, gamma=1.5567, reward=0.8909
2025-03-20 08:33:34,829 - INFO - [RL SVM] Episode 46: C=1.9869, gamma=0.3993, reward=0.9069
2025-03-20 08:38:07,481 - INFO - [RL SVM] Episode 47: C=1.3442, gamma=1.6372, reward=0.8901
2025-03-20 08:39:46,888 - INFO - [RL SVM] Episode 48: C=0.3763, gamma=2.6711, reward=0.8011
2025-03-20 08:45:13,687 - INFO - [RL SVM] Episode 49: C=1.2769, gamma=3.4618, reward=0.8580
2025-03-20 08:47:12,906 - INFO - [RL SVM] Episode 50: C=0.3670, gamma=9.3186, reward=0.7662
2025-03-20 08:49:21,282 - INFO - [RL SVM] Episode 51: C=1.3408, gamma=0.3061, reward=0.9004
2025-03-20 08:50:21,324 - INFO - [RL SVM] Episode 52: C=0.8822, gamma=0.2349, reward=0.8899
2025-03-20 08:51:36,788 - INFO - [RL SVM] Episode 53: C=0.2676, gamma=0.5811, reward=0.8462
2025-03-20 08:54:22,682 - INFO - [RL SVM] Episode 54: C=0.3417, gamma=0.8365, reward=0.8479
2025-03-20 08:55:50,247 - INFO - [RL SVM] Episode 55: C=0.2852, gamma=1.7180, reward=0.7827
2025-03-20 08:56:44,435 - INFO - [RL SVM] Episode 56: C=0.9054, gamma=0.2126, reward=0.8885
2025-03-20 09:01:13,064 - INFO - [RL SVM] Episode 57: C=1.2937, gamma=1.6410, reward=0.8899
2025-03-20 09:02:41,343 - INFO - [RL SVM] Episode 58: C=0.4810, gamma=0.8384, reward=0.8723
2025-03-20 09:06:30,080 - INFO - [RL SVM] Episode 59: C=1.8878, gamma=1.0571, reward=0.9018
2025-03-20 09:08:48,418 - INFO - [RL SVM] Episode 60: C=1.0543, gamma=0.8806, reward=0.8971
2025-03-20 09:11:11,296 - INFO - [RL SVM] Episode 61: C=0.8401, gamma=1.0990, reward=0.8885
2025-03-20 09:14:40,715 - INFO - [RL SVM] Episode 62: C=1.5691, gamma=2.9771, reward=0.8665
2025-03-20 09:18:12,449 - INFO - [RL SVM] Episode 63: C=2.2280, gamma=0.7914, reward=0.9054
2025-03-20 09:19:18,018 - INFO - [RL SVM] Episode 64: C=0.4441, gamma=0.3531, reward=0.8750
2025-03-20 09:21:23,914 - INFO - [RL SVM] Episode 65: C=1.0077, gamma=0.7072, reward=0.8973
2025-03-20 09:25:22,276 - INFO - [RL SVM] Episode 66: C=2.4766, gamma=1.1547, reward=0.9014
2025-03-20 09:27:36,122 - INFO - [RL SVM] Episode 67: C=1.7472, gamma=0.8061, reward=0.9038
2025-03-20 09:32:23,385 - INFO - [RL SVM] Episode 68: C=1.7065, gamma=2.0493, reward=0.8839
2025-03-20 09:34:30,469 - INFO - [RL SVM] Episode 69: C=0.7056, gamma=1.0694, reward=0.8822
2025-03-20 09:37:12,815 - INFO - [RL SVM] Episode 70: C=1.5301, gamma=0.4905, reward=0.9042
2025-03-20 09:39:47,703 - INFO - [RL SVM] Episode 71: C=1.1093, gamma=1.1566, reward=0.8947
2025-03-20 09:41:58,654 - INFO - [RL SVM] Episode 72: C=0.4158, gamma=0.3076, reward=0.8729
2025-03-20 09:44:11,026 - INFO - [RL SVM] Episode 73: C=1.0357, gamma=0.9829, reward=0.8967
2025-03-20 09:47:31,742 - INFO - [RL SVM] Episode 74: C=1.2607, gamma=0.6707, reward=0.9024
2025-03-20 09:49:51,846 - INFO - [RL SVM] Episode 75: C=0.7818, gamma=0.9978, reward=0.8872
2025-03-20 09:52:46,230 - INFO - [RL SVM] Episode 76: C=0.6065, gamma=0.9464, reward=0.8787
2025-03-20 09:54:42,187 - INFO - [RL SVM] Episode 77: C=0.6593, gamma=1.2331, reward=0.8759
2025-03-20 09:58:27,746 - INFO - [RL SVM] Episode 78: C=1.3138, gamma=0.9885, reward=0.8996
2025-03-20 10:00:44,776 - INFO - [RL SVM] Episode 79: C=0.8872, gamma=1.2147, reward=0.8880
2025-03-20 10:04:18,455 - INFO - [RL SVM] Episode 80: C=0.7212, gamma=1.3717, reward=0.8760
2025-03-20 10:06:04,769 - INFO - [RL SVM] Episode 81: C=0.5537, gamma=1.3873, reward=0.8643
2025-03-20 10:08:00,704 - INFO - [RL SVM] Episode 82: C=0.8000, gamma=0.7422, reward=0.8910
2025-03-20 10:10:41,723 - INFO - [RL SVM] Episode 83: C=1.4327, gamma=0.6790, reward=0.9037
2025-03-20 10:12:25,530 - INFO - [RL SVM] Episode 84: C=1.0890, gamma=0.7451, reward=0.8988
2025-03-20 10:14:16,061 - INFO - [RL SVM] Episode 85: C=0.7489, gamma=0.8878, reward=0.8876
2025-03-20 10:17:33,172 - INFO - [RL SVM] Episode 86: C=1.4038, gamma=1.0691, reward=0.8992
2025-03-20 10:19:14,446 - INFO - [RL SVM] Episode 87: C=0.6682, gamma=0.9095, reward=0.8834
2025-03-20 10:21:45,747 - INFO - [RL SVM] Episode 88: C=0.7556, gamma=0.6898, reward=0.8892
2025-03-20 10:25:08,747 - INFO - [RL SVM] Episode 89: C=0.7579, gamma=1.5932, reward=0.8721
2025-03-20 10:27:50,310 - INFO - [RL SVM] Episode 90: C=0.6351, gamma=1.0968, reward=0.8771
2025-03-20 10:30:11,110 - INFO - [RL SVM] Episode 91: C=1.5618, gamma=0.9165, reward=0.9016
2025-03-20 10:32:05,844 - INFO - [RL SVM] Episode 92: C=1.1724, gamma=0.9092, reward=0.8992
2025-03-20 10:34:19,642 - INFO - [RL SVM] Episode 93: C=1.2911, gamma=0.8610, reward=0.9011
2025-03-20 10:36:11,119 - INFO - [RL SVM] Episode 94: C=1.4008, gamma=0.7294, reward=0.9032
2025-03-20 10:38:34,275 - INFO - [RL SVM] Episode 95: C=1.6471, gamma=1.1238, reward=0.8999
2025-03-20 10:40:41,350 - INFO - [RL SVM] Episode 96: C=0.8603, gamma=0.7355, reward=0.8931
2025-03-20 10:42:59,944 - INFO - [RL SVM] Episode 97: C=1.1854, gamma=0.8975, reward=0.8995
2025-03-20 10:45:08,516 - INFO - [RL SVM] Episode 98: C=0.8341, gamma=0.7113, reward=0.8921
2025-03-20 10:47:27,859 - INFO - [RL SVM] Episode 99: C=2.0126, gamma=1.2437, reward=0.8992
2025-03-20 10:49:14,501 - INFO - [RL SVM] Episode 100: C=0.9491, gamma=0.7439, reward=0.8955
2025-03-20 10:49:14,739 - INFO - Best SVM hyperparameters found: (4.025584697723389, 0.5243362188339233) with reward 0.9115
2025-03-20 10:58:30,479 - INFO - Tuning SVM 1v1v1...
2025-03-20 10:58:30,479 - INFO - Starting deep RL tuning for SVM hyperparameters...
2025-03-20 11:00:00,416 - INFO - [RL SVM] Episode 1: C=0.4904, gamma=0.3556, reward=0.8180
2025-03-20 11:03:04,198 - INFO - [RL SVM] Episode 2: C=1.9380, gamma=0.7977, reward=0.8520
