2025-03-19 16:18:50,425 - INFO - Starting Phase 5 experiment
2025-03-19 16:18:50,426 - INFO - Step 1: Preparing dataset with augmentation
2025-03-19 16:18:50,426 - INFO - Processing healthy chicken audio files...
2025-03-19 16:24:31,831 - INFO - Processing sick chicken audio files...
2025-03-19 16:30:03,238 - INFO - Processing noise audio files...
2025-03-19 16:37:05,592 - INFO - Applying SMOTE for class balancing...
2025-03-19 16:37:05,605 - INFO - Dataset prepared: 42000 samples with 24 features each
2025-03-19 16:37:06,035 - INFO - Checkpoint saved: dataset
2025-03-19 16:37:06,036 - INFO - Step 2: Performing feature selection analysis
2025-03-19 16:37:06,037 - INFO - Performing feature selection analysis...
2025-03-19 17:52:33,940 - INFO - RFECV selected 24 features
2025-03-19 17:52:36,633 - INFO - PCA selected 5 components
2025-03-19 17:52:36,635 - INFO - Checkpoint saved: feature_selection
2025-03-19 17:52:36,650 - INFO - Step 3: Training recommended models (Deep RL tuning)
2025-03-20 05:02:39,797 - INFO - Step 4: Training enhanced ensemble with weight tuning (Deep RL)
2025-03-20 05:25:02,346 - INFO - Step 5: Performing final evaluation and generating report
2025-03-20 05:25:02,623 - INFO - Best model: Enhanced_Ensemble with test accuracy 0.9305
2025-03-20 05:25:03,213 - INFO - Checkpoint saved: final_evaluation
2025-03-20 05:25:03,215 - INFO - Full experiment completed successfully!
2025-03-20 05:25:03,215 - INFO - Results saved to phase5_experiment_20250319_161850
