2025-03-20 00:20:16,237 - INFO - Using device: cpu
2025-03-20 00:20:16,238 - INFO - Welcome! Starting Phase 5 experiment on chicken sound classification.
2025-03-20 00:20:16,239 - INFO - Step 1: Preparing dataset with augmentation.
2025-03-20 00:20:16,239 - INFO - Hello! I'm starting dataset preparation.
2025-03-20 00:20:16,239 - INFO - Step 1: Processing healthy chicken audio files...
2025-03-20 01:04:33,594 - INFO - Step 2: Processing sick chicken audio files...
2025-03-20 02:31:55,152 - INFO - Step 3: Processing noise audio files...
2025-03-20 03:35:12,171 - INFO - Balancing classes using SMOTE...
2025-03-20 03:35:12,183 - INFO - Dataset prepared: 42000 samples with 24 features each
2025-03-20 03:35:13,133 - INFO - [Checkpoint] Saved: dataset
2025-03-20 03:35:13,134 - INFO - Step 2: Performing feature selection analysis.
2025-03-20 03:35:13,135 - INFO - Let's analyze the features to see which ones matter most!
2025-03-20 06:23:43,388 - INFO - RFECV selected 24 features
2025-03-20 06:23:51,344 - INFO - PCA selected 5 components
2025-03-20 06:23:51,347 - INFO - [Checkpoint] Saved: feature_selection
2025-03-20 06:23:51,367 - INFO - Step 3: Training recommended models with deep RL tuning.
2025-03-20 06:23:51,368 - INFO - Starting model training with deep RL tuning...
2025-03-20 06:23:51,407 - INFO - Tuning Two-Tier SVM (tier1 and tier2)...
2025-03-20 06:23:51,415 - INFO - Starting deep RL tuning for SVM hyperparameters...
2025-03-20 06:29:35,971 - INFO - [RL SVM] Episode 1: C=0.5734, gamma=1.1509, reward=0.8587
2025-03-20 06:31:46,219 - INFO - [RL SVM] Episode 2: C=1.3760, gamma=0.1350, reward=0.8917
2025-03-20 06:34:04,918 - INFO - [RL SVM] Episode 3: C=3.4257, gamma=0.1650, reward=0.9017
2025-03-20 06:40:58,383 - INFO - [RL SVM] Episode 4: C=0.5493, gamma=2.4277, reward=0.8156
2025-03-20 06:50:24,638 - INFO - [RL SVM] Episode 5: C=1.6536, gamma=3.5592, reward=0.8561
2025-03-20 06:55:33,145 - INFO - [RL SVM] Episode 6: C=0.2958, gamma=1.0321, reward=0.8184
2025-03-20 07:01:16,278 - INFO - [RL SVM] Episode 7: C=0.8401, gamma=1.4559, reward=0.8718
2025-03-20 07:07:38,698 - INFO - [RL SVM] Episode 8: C=4.8357, gamma=0.4321, reward=0.9141
2025-03-20 07:13:47,788 - INFO - [RL SVM] Episode 9: C=0.5863, gamma=2.2681, reward=0.8257
2025-03-20 07:20:52,945 - INFO - [RL SVM] Episode 10: C=1.7386, gamma=1.4544, reward=0.8877
2025-03-20 07:30:22,786 - INFO - [RL SVM] Episode 11: C=1.3099, gamma=1.2901, reward=0.8882
2025-03-20 07:36:04,896 - INFO - [RL SVM] Episode 12: C=2.6666, gamma=0.9050, reward=0.9025
2025-03-20 07:37:43,618 - INFO - [RL SVM] Episode 13: C=1.9943, gamma=0.1096, reward=0.8915
2025-03-20 07:41:22,783 - INFO - [RL SVM] Episode 14: C=0.9919, gamma=0.3682, reward=0.8965
2025-03-20 07:44:36,890 - INFO - [RL SVM] Episode 15: C=0.3108, gamma=0.5070, reward=0.8550
2025-03-20 07:51:39,541 - INFO - [RL SVM] Episode 16: C=0.2617, gamma=1.9140, reward=0.7670
2025-03-20 07:59:54,022 - INFO - [RL SVM] Episode 17: C=0.3573, gamma=6.7732, reward=0.7018
2025-03-20 08:06:04,388 - INFO - [RL SVM] Episode 18: C=4.3972, gamma=0.9338, reward=0.9041
2025-03-20 08:13:13,189 - INFO - [RL SVM] Episode 19: C=1.2796, gamma=1.6348, reward=0.8813
2025-03-20 08:16:18,636 - INFO - [RL SVM] Episode 20: C=0.6018, gamma=0.3505, reward=0.8876
2025-03-20 08:21:16,040 - INFO - [RL SVM] Episode 21: C=0.2858, gamma=0.9239, reward=0.8229
2025-03-20 08:25:35,653 - INFO - [RL SVM] Episode 22: C=1.6603, gamma=0.4373, reward=0.9042
2025-03-20 08:30:29,790 - INFO - [RL SVM] Episode 23: C=0.9687, gamma=0.5386, reward=0.8955
2025-03-20 08:37:05,705 - INFO - [RL SVM] Episode 24: C=1.3547, gamma=1.2540, reward=0.8895
2025-03-20 08:42:19,126 - INFO - [RL SVM] Episode 25: C=0.6313, gamma=0.7975, reward=0.8763
2025-03-20 08:47:07,493 - INFO - [RL SVM] Episode 26: C=0.1102, gamma=1.1239, reward=0.7507
2025-03-20 08:57:29,829 - INFO - [RL SVM] Episode 27: C=0.4134, gamma=1.7840, reward=0.8121
2025-03-20 09:05:38,647 - INFO - [RL SVM] Episode 28: C=1.0332, gamma=0.7033, reward=0.8941
2025-03-20 09:13:21,000 - INFO - [RL SVM] Episode 29: C=1.1165, gamma=1.2572, reward=0.8844
2025-03-20 09:24:24,560 - INFO - [RL SVM] Episode 30: C=1.6905, gamma=1.6735, reward=0.8834
2025-03-20 09:28:43,962 - INFO - [RL SVM] Episode 31: C=1.0695, gamma=0.2408, reward=0.8948
2025-03-20 09:35:51,190 - INFO - [RL SVM] Episode 32: C=0.6857, gamma=0.6399, reward=0.8835
2025-03-20 09:44:08,151 - INFO - [RL SVM] Episode 33: C=0.5333, gamma=0.8973, reward=0.8629
2025-03-20 09:53:07,679 - INFO - [RL SVM] Episode 34: C=1.1103, gamma=1.0577, reward=0.8889
2025-03-20 10:01:13,611 - INFO - [RL SVM] Episode 35: C=2.6309, gamma=0.5998, reward=0.9078
2025-03-20 10:11:10,432 - INFO - [RL SVM] Episode 36: C=1.7826, gamma=2.6525, reward=0.8665
2025-03-20 10:19:55,811 - INFO - [RL SVM] Episode 37: C=0.9075, gamma=1.0291, reward=0.8848
2025-03-20 10:24:17,111 - INFO - [RL SVM] Episode 38: C=1.0072, gamma=0.3809, reward=0.8970
2025-03-20 10:31:46,601 - INFO - [RL SVM] Episode 39: C=0.2216, gamma=1.1110, reward=0.7955
2025-03-20 10:37:50,610 - INFO - [RL SVM] Episode 40: C=0.7274, gamma=3.1458, reward=0.8374
2025-03-20 10:42:34,664 - INFO - [RL SVM] Episode 41: C=1.7367, gamma=0.5879, reward=0.9042
2025-03-20 10:46:20,184 - INFO - [RL SVM] Episode 42: C=0.5446, gamma=2.1467, reward=0.8218
2025-03-20 10:48:25,788 - INFO - [RL SVM] Episode 43: C=1.0707, gamma=0.1712, reward=0.8916
2025-03-20 10:50:41,337 - INFO - [RL SVM] Episode 44: C=1.0105, gamma=0.7360, reward=0.8929
2025-03-20 10:53:10,119 - INFO - [RL SVM] Episode 45: C=0.3390, gamma=1.3104, reward=0.8133
2025-03-20 10:57:17,757 - INFO - [RL SVM] Episode 46: C=0.5679, gamma=0.8231, reward=0.8710
2025-03-20 10:58:59,848 - INFO - [RL SVM] Episode 47: C=1.3069, gamma=0.5005, reward=0.9006
2025-03-20 11:04:07,411 - INFO - [RL SVM] Episode 48: C=1.1285, gamma=0.9868, reward=0.8905
2025-03-20 11:05:52,056 - INFO - [RL SVM] Episode 49: C=1.2663, gamma=0.6322, reward=0.9000
2025-03-20 11:11:57,907 - INFO - [RL SVM] Episode 50: C=1.3359, gamma=2.3516, reward=0.8698
2025-03-20 11:11:58,302 - INFO - Best SVM hyperparameters found: (4.835735321044922, 0.432058185338974) with reward 0.9141
2025-03-20 11:20:14,421 - INFO - Starting deep RL tuning for SVM hyperparameters...
2025-03-20 11:23:54,246 - INFO - [RL SVM] Episode 1: C=0.7663, gamma=2.4767, reward=0.8529
2025-03-20 11:26:18,535 - INFO - [RL SVM] Episode 2: C=2.1368, gamma=0.9246, reward=0.9090
2025-03-20 11:28:48,108 - INFO - [RL SVM] Episode 3: C=0.4761, gamma=0.5796, reward=0.8785
2025-03-20 11:31:18,713 - INFO - [RL SVM] Episode 4: C=1.4354, gamma=1.1728, reward=0.9030
2025-03-20 11:33:42,817 - INFO - [RL SVM] Episode 5: C=0.7924, gamma=1.5905, reward=0.8772
2025-03-20 11:39:52,730 - INFO - [RL SVM] Episode 6: C=1.1480, gamma=10.0438, reward=0.8089
2025-03-20 11:41:15,522 - INFO - [RL SVM] Episode 7: C=0.2500, gamma=1.1177, reward=0.8066
2025-03-20 11:44:03,949 - INFO - [RL SVM] Episode 8: C=0.5459, gamma=0.9431, reward=0.8783
2025-03-20 11:48:48,182 - INFO - [RL SVM] Episode 9: C=1.6325, gamma=2.2071, reward=0.8841
2025-03-20 11:51:23,892 - INFO - [RL SVM] Episode 10: C=1.8601, gamma=0.4648, reward=0.9095
2025-03-20 11:55:14,877 - INFO - [RL SVM] Episode 11: C=1.2554, gamma=1.2074, reward=0.9013
2025-03-20 11:57:55,675 - INFO - [RL SVM] Episode 12: C=0.9618, gamma=0.5425, reward=0.9007
2025-03-20 11:59:32,168 - INFO - [RL SVM] Episode 13: C=1.3555, gamma=0.1163, reward=0.8824
2025-03-20 12:02:07,353 - INFO - [RL SVM] Episode 14: C=1.1877, gamma=1.2568, reward=0.9001
2025-03-20 12:05:48,833 - INFO - [RL SVM] Episode 15: C=0.8324, gamma=1.3121, reward=0.8878
2025-03-20 12:08:30,427 - INFO - [RL SVM] Episode 16: C=2.7054, gamma=1.3302, reward=0.9043
2025-03-20 12:11:42,638 - INFO - [RL SVM] Episode 17: C=2.8988, gamma=0.6745, reward=0.9123
2025-03-20 12:13:35,133 - INFO - [RL SVM] Episode 18: C=1.2427, gamma=0.6005, reward=0.9059
2025-03-20 12:17:41,528 - INFO - [RL SVM] Episode 19: C=0.8324, gamma=2.8211, reward=0.8493
2025-03-20 12:19:54,647 - INFO - [RL SVM] Episode 20: C=0.6554, gamma=11.3122, reward=0.7910
2025-03-20 12:23:29,029 - INFO - [RL SVM] Episode 21: C=0.9241, gamma=1.0389, reward=0.8966
2025-03-20 12:24:42,936 - INFO - [RL SVM] Episode 22: C=0.2665, gamma=0.6200, reward=0.8455
2025-03-20 12:26:53,437 - INFO - [RL SVM] Episode 23: C=1.3387, gamma=0.8415, reward=0.9061
2025-03-20 12:30:47,542 - INFO - [RL SVM] Episode 24: C=1.1170, gamma=1.2537, reward=0.8989
2025-03-20 12:33:09,129 - INFO - [RL SVM] Episode 25: C=0.9972, gamma=1.1957, reward=0.8958
2025-03-20 12:36:22,078 - INFO - [RL SVM] Episode 26: C=2.2797, gamma=0.6974, reward=0.9106
2025-03-20 12:37:58,106 - INFO - [RL SVM] Episode 27: C=0.9632, gamma=0.5722, reward=0.9009
2025-03-20 12:39:12,703 - INFO - [RL SVM] Episode 28: C=0.3997, gamma=0.6202, reward=0.8692
2025-03-20 12:42:06,151 - INFO - [RL SVM] Episode 29: C=0.5566, gamma=1.0442, reward=0.8773
2025-03-20 12:44:23,852 - INFO - [RL SVM] Episode 30: C=0.9465, gamma=1.1764, reward=0.8942
2025-03-20 12:46:58,692 - INFO - [RL SVM] Episode 31: C=1.1411, gamma=1.3783, reward=0.8972
2025-03-20 12:51:58,867 - INFO - [RL SVM] Episode 32: C=3.5482, gamma=2.6545, reward=0.8760
2025-03-20 12:54:42,907 - INFO - [RL SVM] Episode 33: C=1.1840, gamma=1.5020, reward=0.8957
2025-03-20 12:56:39,225 - INFO - [RL SVM] Episode 34: C=2.6769, gamma=0.2878, reward=0.9104
2025-03-20 12:59:34,213 - INFO - [RL SVM] Episode 35: C=1.3314, gamma=1.7498, reward=0.8916
2025-03-20 13:02:14,874 - INFO - [RL SVM] Episode 36: C=0.8861, gamma=2.3854, reward=0.8637
2025-03-20 13:03:55,931 - INFO - [RL SVM] Episode 37: C=1.0355, gamma=0.6254, reward=0.9030
2025-03-20 13:05:01,964 - INFO - [RL SVM] Episode 38: C=0.3964, gamma=0.4285, reward=0.8721
2025-03-20 13:08:11,002 - INFO - [RL SVM] Episode 39: C=2.4972, gamma=2.3342, reward=0.8825
2025-03-20 13:09:49,104 - INFO - [RL SVM] Episode 40: C=0.6669, gamma=0.7902, reward=0.8888
2025-03-20 13:10:52,057 - INFO - [RL SVM] Episode 41: C=0.6991, gamma=0.3586, reward=0.8924
2025-03-20 13:12:30,242 - INFO - [RL SVM] Episode 42: C=0.6188, gamma=1.7612, reward=0.8628
2025-03-20 13:15:08,296 - INFO - [RL SVM] Episode 43: C=1.4174, gamma=0.4895, reward=0.9071
2025-03-20 13:16:07,533 - INFO - [RL SVM] Episode 44: C=0.2236, gamma=0.2327, reward=0.8562
2025-03-20 13:17:19,860 - INFO - [RL SVM] Episode 45: C=1.5537, gamma=0.3734, reward=0.9066
2025-03-20 13:21:45,192 - INFO - [RL SVM] Episode 46: C=1.3746, gamma=1.7222, reward=0.8923
2025-03-20 13:22:45,312 - INFO - [RL SVM] Episode 47: C=1.1579, gamma=0.3060, reward=0.8992
2025-03-20 13:24:21,487 - INFO - [RL SVM] Episode 48: C=0.5786, gamma=1.5399, reward=0.8667
2025-03-20 13:26:38,505 - INFO - [RL SVM] Episode 49: C=0.4831, gamma=0.6645, reward=0.8781
2025-03-20 13:27:35,840 - INFO - [RL SVM] Episode 50: C=1.2002, gamma=0.8530, reward=0.9042
2025-03-20 13:27:35,920 - INFO - Best SVM hyperparameters found: (2.898817300796509, 0.6745018362998962) with reward 0.9123
2025-03-20 13:42:59,441 - INFO - Tuning SVM 1v1v1...
2025-03-20 13:42:59,441 - INFO - Starting deep RL tuning for SVM hyperparameters...
2025-03-20 13:56:06,021 - INFO - [RL SVM] Episode 1: C=2.7495, gamma=13.5922, reward=0.7133
2025-03-20 13:59:36,479 - INFO - [RL SVM] Episode 2: C=0.3869, gamma=0.7575, reward=0.7918
2025-03-20 14:02:43,570 - INFO - [RL SVM] Episode 3: C=4.3225, gamma=3.4551, reward=0.7944
2025-03-20 14:05:48,444 - INFO - [RL SVM] Episode 4: C=1.9667, gamma=0.4074, reward=0.8590
2025-03-20 14:08:07,784 - INFO - [RL SVM] Episode 5: C=0.9034, gamma=1.9948, reward=0.8071
2025-03-20 14:11:43,815 - INFO - [RL SVM] Episode 6: C=0.2347, gamma=0.6864, reward=0.7513
2025-03-20 14:13:12,931 - INFO - [RL SVM] Episode 7: C=0.4768, gamma=1.7095, reward=0.7716
2025-03-20 14:18:13,169 - INFO - [RL SVM] Episode 8: C=2.4396, gamma=1.5579, reward=0.8408
2025-03-20 14:23:00,510 - INFO - [RL SVM] Episode 9: C=0.9624, gamma=0.6966, reward=0.8435
2025-03-20 14:30:51,977 - INFO - [RL SVM] Episode 10: C=0.7196, gamma=0.8071, reward=0.8284
2025-03-20 14:37:56,751 - INFO - [RL SVM] Episode 11: C=0.5877, gamma=0.6853, reward=0.8214
2025-03-20 14:46:57,410 - INFO - [RL SVM] Episode 12: C=1.1715, gamma=2.2844, reward=0.8142
2025-03-20 14:54:47,169 - INFO - [RL SVM] Episode 13: C=1.7492, gamma=1.3745, reward=0.8421
2025-03-20 15:04:49,221 - INFO - [RL SVM] Episode 14: C=5.2106, gamma=2.6694, reward=0.8126
2025-03-20 15:09:31,754 - INFO - [RL SVM] Episode 15: C=0.4370, gamma=3.3128, reward=0.7192
2025-03-20 15:15:20,910 - INFO - [RL SVM] Episode 16: C=2.4034, gamma=0.6632, reward=0.8613
2025-03-20 15:18:10,913 - INFO - [RL SVM] Episode 17: C=0.3052, gamma=0.2486, reward=0.8007
2025-03-20 15:20:36,047 - INFO - [RL SVM] Episode 18: C=0.7059, gamma=0.2676, reward=0.8296
2025-03-20 15:21:46,718 - INFO - [RL SVM] Episode 19: C=0.4187, gamma=0.7992, reward=0.7961
2025-03-20 15:24:29,609 - INFO - [RL SVM] Episode 20: C=2.3935, gamma=1.9038, reward=0.8304
2025-03-20 15:25:57,657 - INFO - [RL SVM] Episode 21: C=0.8302, gamma=0.6903, reward=0.8379
2025-03-20 15:27:56,901 - INFO - [RL SVM] Episode 22: C=1.5737, gamma=0.8304, reward=0.8533
2025-03-20 15:29:19,845 - INFO - [RL SVM] Episode 23: C=0.5816, gamma=1.0787, reward=0.8089
2025-03-20 15:31:35,465 - INFO - [RL SVM] Episode 24: C=1.5278, gamma=1.1803, reward=0.8460
2025-03-20 15:32:56,617 - INFO - [RL SVM] Episode 25: C=0.5683, gamma=1.0191, reward=0.8093
2025-03-20 15:34:22,979 - INFO - [RL SVM] Episode 26: C=0.3551, gamma=1.7180, reward=0.7336
2025-03-20 15:35:40,237 - INFO - [RL SVM] Episode 27: C=0.1964, gamma=0.7979, reward=0.7205
2025-03-20 15:42:16,085 - INFO - [RL SVM] Episode 28: C=1.6335, gamma=3.3178, reward=0.7954
2025-03-20 15:50:53,910 - INFO - [RL SVM] Episode 29: C=2.5360, gamma=0.7448, reward=0.8605
2025-03-20 15:59:58,770 - INFO - [RL SVM] Episode 30: C=2.9639, gamma=2.2666, reward=0.8214
2025-03-20 16:07:15,686 - INFO - [RL SVM] Episode 31: C=2.2770, gamma=0.7948, reward=0.8587
2025-03-20 16:16:55,186 - INFO - [RL SVM] Episode 32: C=1.5091, gamma=1.4864, reward=0.8379
2025-03-20 16:23:50,271 - INFO - [RL SVM] Episode 33: C=1.5687, gamma=1.0896, reward=0.8480
2025-03-20 16:28:06,176 - INFO - [RL SVM] Episode 34: C=0.5966, gamma=1.0375, reward=0.8112
2025-03-20 16:35:39,717 - INFO - [RL SVM] Episode 35: C=1.1030, gamma=1.5051, reward=0.8324
2025-03-20 16:43:18,950 - INFO - [RL SVM] Episode 36: C=1.1351, gamma=1.5500, reward=0.8320
2025-03-20 16:48:46,261 - INFO - [RL SVM] Episode 37: C=2.3167, gamma=0.6460, reward=0.8609
2025-03-20 16:52:58,529 - INFO - [RL SVM] Episode 38: C=0.2873, gamma=2.0208, reward=0.6746
2025-03-20 16:55:19,943 - INFO - [RL SVM] Episode 39: C=4.7789, gamma=0.1911, reward=0.8572
2025-03-20 17:00:29,407 - INFO - [RL SVM] Episode 40: C=0.6866, gamma=1.1013, reward=0.8168
2025-03-20 17:05:39,618 - INFO - [RL SVM] Episode 41: C=0.6634, gamma=1.3134, reward=0.8094
2025-03-20 17:13:41,470 - INFO - [RL SVM] Episode 42: C=1.1480, gamma=1.8311, reward=0.8250
2025-03-20 17:21:48,939 - INFO - [RL SVM] Episode 43: C=1.0451, gamma=1.9943, reward=0.8179
2025-03-20 17:25:07,309 - INFO - [RL SVM] Episode 44: C=0.7654, gamma=0.4518, reward=0.8358
2025-03-20 17:31:16,420 - INFO - [RL SVM] Episode 45: C=1.6454, gamma=0.8307, reward=0.8540
2025-03-20 17:35:09,579 - INFO - [RL SVM] Episode 46: C=1.2578, gamma=0.4706, reward=0.8506
2025-03-20 17:39:05,889 - INFO - [RL SVM] Episode 47: C=0.3887, gamma=1.1935, reward=0.7721
2025-03-20 17:45:39,236 - INFO - [RL SVM] Episode 48: C=0.7584, gamma=2.4242, reward=0.7801
2025-03-20 17:51:25,703 - INFO - [RL SVM] Episode 49: C=0.7916, gamma=1.0091, reward=0.8285
2025-03-20 17:59:41,709 - INFO - [RL SVM] Episode 50: C=1.2662, gamma=1.9099, reward=0.8247
2025-03-20 17:59:42,110 - INFO - Best SVM hyperparameters found: (2.4034132957458496, 0.6632076501846313) with reward 0.8613
2025-03-20 18:15:53,434 - INFO - Training Extra Trees classifier...
2025-03-20 18:15:59,371 - INFO - Step 4: Training enhanced ensemble with weight tuning (deep RL).
2025-03-20 18:15:59,372 - INFO - Preparing data splits for ensemble training...
2025-03-20 18:15:59,420 - INFO - Tuning ensemble weights using deep RL...
2025-03-20 18:15:59,421 - INFO - Starting deep RL tuning for ensemble weights...
2025-03-20 18:16:36,238 - INFO - [RL Ensemble] Episode 1: w1=0.4280, w2=0.3952, w3=0.1767, reward=0.9159
2025-03-20 18:17:13,519 - INFO - [RL Ensemble] Episode 2: w1=0.2205, w2=0.2596, w3=0.5199, reward=0.9349
2025-03-20 18:17:13,521 - INFO - [RL Ensemble] Episode 3: w1=0.5540, w2=0.6658, w3=-0.2197, reward=0.0000
2025-03-20 18:17:13,522 - INFO - [RL Ensemble] Episode 4: w1=0.5553, w2=0.4019, w3=0.0428, reward=0.0000
2025-03-20 18:17:13,522 - INFO - [RL Ensemble] Episode 5: w1=0.6342, w2=0.3365, w3=0.0293, reward=0.0000
2025-03-20 18:17:13,523 - INFO - [RL Ensemble] Episode 6: w1=0.4591, w2=0.6009, w3=-0.0600, reward=0.0000
2025-03-20 18:17:50,438 - INFO - [RL Ensemble] Episode 7: w1=0.3841, w2=0.4696, w3=0.1462, reward=0.9144
2025-03-20 18:18:32,761 - INFO - [RL Ensemble] Episode 8: w1=0.2551, w2=0.5785, w3=0.1665, reward=0.9143
2025-03-20 18:19:28,631 - INFO - [RL Ensemble] Episode 9: w1=0.3737, w2=0.3402, w3=0.2861, reward=0.9202
2025-03-20 18:19:28,633 - INFO - [RL Ensemble] Episode 10: w1=0.5342, w2=0.5925, w3=-0.1267, reward=0.0000
2025-03-20 18:20:11,560 - INFO - [RL Ensemble] Episode 11: w1=0.3185, w2=0.4179, w3=0.2636, reward=0.9189
2025-03-20 18:20:11,562 - INFO - [RL Ensemble] Episode 12: w1=0.5559, w2=0.3630, w3=0.0811, reward=0.0000
2025-03-20 18:20:11,563 - INFO - [RL Ensemble] Episode 13: w1=0.5017, w2=0.5878, w3=-0.0895, reward=0.0000
2025-03-20 18:20:55,054 - INFO - [RL Ensemble] Episode 14: w1=0.3729, w2=0.2913, w3=0.3358, reward=0.9232
2025-03-20 18:21:44,150 - INFO - [RL Ensemble] Episode 15: w1=0.2297, w2=0.2773, w3=0.4930, reward=0.9329
2025-03-20 18:22:32,889 - INFO - [RL Ensemble] Episode 16: w1=0.2795, w2=0.3595, w3=0.3610, reward=0.9248
2025-03-20 18:23:18,048 - INFO - [RL Ensemble] Episode 17: w1=0.2750, w2=0.5376, w3=0.1874, reward=0.9162
2025-03-20 18:23:18,050 - INFO - [RL Ensemble] Episode 18: w1=0.4548, w2=0.4958, w3=0.0495, reward=0.0000
2025-03-20 18:23:18,052 - INFO - [RL Ensemble] Episode 19: w1=0.5566, w2=0.5531, w3=-0.1097, reward=0.0000
2025-03-20 18:23:18,053 - INFO - [RL Ensemble] Episode 20: w1=0.5193, w2=0.4316, w3=0.0491, reward=0.0000
2025-03-20 18:23:18,055 - INFO - [RL Ensemble] Episode 21: w1=0.5797, w2=0.5383, w3=-0.1180, reward=0.0000
2025-03-20 18:23:54,710 - INFO - [RL Ensemble] Episode 22: w1=0.4754, w2=0.3698, w3=0.1548, reward=0.9148
2025-03-20 18:24:31,081 - INFO - [RL Ensemble] Episode 23: w1=0.3381, w2=0.3850, w3=0.2769, reward=0.9194
2025-03-20 18:25:07,357 - INFO - [RL Ensemble] Episode 24: w1=0.3361, w2=0.5172, w3=0.1466, reward=0.9140
2025-03-20 18:25:43,887 - INFO - [RL Ensemble] Episode 25: w1=0.3446, w2=0.3852, w3=0.2701, reward=0.9194
2025-03-20 18:26:20,676 - INFO - [RL Ensemble] Episode 26: w1=0.4095, w2=0.3104, w3=0.2801, reward=0.9200
2025-03-20 18:26:57,103 - INFO - [RL Ensemble] Episode 27: w1=0.3042, w2=0.5530, w3=0.1428, reward=0.9132
2025-03-20 18:27:33,773 - INFO - [RL Ensemble] Episode 28: w1=0.3309, w2=0.5442, w3=0.1250, reward=0.9129
2025-03-20 18:28:10,640 - INFO - [RL Ensemble] Episode 29: w1=0.2660, w2=0.2712, w3=0.4628, reward=0.9305
2025-03-20 18:28:10,641 - INFO - [RL Ensemble] Episode 30: w1=0.6258, w2=0.5677, w3=-0.1935, reward=0.0000
2025-03-20 18:28:10,643 - INFO - [RL Ensemble] Episode 31: w1=0.5321, w2=0.4699, w3=-0.0021, reward=0.0000
2025-03-20 18:28:10,644 - INFO - [RL Ensemble] Episode 32: w1=0.5965, w2=0.4009, w3=0.0026, reward=0.0000
2025-03-20 18:28:10,645 - INFO - [RL Ensemble] Episode 33: w1=0.3835, w2=0.5960, w3=0.0205, reward=0.0000
2025-03-20 18:28:10,647 - INFO - [RL Ensemble] Episode 34: w1=0.4560, w2=0.5071, w3=0.0369, reward=0.0000
2025-03-20 18:28:47,723 - INFO - [RL Ensemble] Episode 35: w1=0.4397, w2=0.4131, w3=0.1472, reward=0.9146
2025-03-20 18:28:47,725 - INFO - [RL Ensemble] Episode 36: w1=0.4845, w2=0.5542, w3=-0.0387, reward=0.0000
2025-03-20 18:29:24,754 - INFO - [RL Ensemble] Episode 37: w1=0.5667, w2=0.3276, w3=0.1057, reward=0.9133
2025-03-20 18:29:24,755 - INFO - [RL Ensemble] Episode 38: w1=0.4140, w2=0.5252, w3=0.0608, reward=0.0000
2025-03-20 18:30:01,708 - INFO - [RL Ensemble] Episode 39: w1=0.4302, w2=0.4458, w3=0.1240, reward=0.9140
2025-03-20 18:30:01,709 - INFO - [RL Ensemble] Episode 40: w1=0.5903, w2=0.4337, w3=-0.0241, reward=0.0000
2025-03-20 18:30:38,669 - INFO - [RL Ensemble] Episode 41: w1=0.4114, w2=0.4639, w3=0.1246, reward=0.9135
2025-03-20 18:30:38,671 - INFO - [RL Ensemble] Episode 42: w1=0.5297, w2=0.5418, w3=-0.0715, reward=0.0000
2025-03-20 18:30:38,673 - INFO - [RL Ensemble] Episode 43: w1=0.3423, w2=0.5737, w3=0.0840, reward=0.0000
2025-03-20 18:31:15,490 - INFO - [RL Ensemble] Episode 44: w1=0.3169, w2=0.3637, w3=0.3194, reward=0.9217
2025-03-20 18:31:51,825 - INFO - [RL Ensemble] Episode 45: w1=0.3070, w2=0.4915, w3=0.2014, reward=0.9160
2025-03-20 18:32:28,296 - INFO - [RL Ensemble] Episode 46: w1=0.3484, w2=0.4469, w3=0.2046, reward=0.9162
2025-03-20 18:33:04,601 - INFO - [RL Ensemble] Episode 47: w1=0.4511, w2=0.4300, w3=0.1190, reward=0.9137
2025-03-20 18:33:04,603 - INFO - [RL Ensemble] Episode 48: w1=0.5533, w2=0.5747, w3=-0.1280, reward=0.0000
2025-03-20 18:33:04,604 - INFO - [RL Ensemble] Episode 49: w1=0.5004, w2=0.5064, w3=-0.0068, reward=0.0000
2025-03-20 18:33:40,852 - INFO - [RL Ensemble] Episode 50: w1=0.5104, w2=0.3186, w3=0.1710, reward=0.9154
2025-03-20 18:33:40,988 - INFO - Best ensemble weights found: (0.2205369472503662, 0.2596057057380676, 0.5198573470115662) with reward 0.9349
2025-03-20 18:37:10,990 - INFO - Step 5: Performing final evaluation and generating report.
2025-03-20 18:37:10,992 - INFO - Final evaluation: Comparing all models now...
2025-03-20 18:37:11,413 - INFO - Best model: Enhanced_Ensemble with test accuracy 0.9349
2025-03-20 18:37:11,688 - INFO - [Checkpoint] Saved: final_evaluation
2025-03-20 18:37:11,690 - INFO - Full experiment completed successfully!
2025-03-20 18:37:11,691 - INFO - Results and reports saved to phase5_experiment_20250320_002016
