2025-03-19 23:50:34,240 - INFO - Welcome! Starting Phase 5 experiment on chicken sound classification.
2025-03-19 23:50:34,241 - INFO - Step 1: Preparing dataset with augmentation.
2025-03-19 23:50:34,242 - INFO - Hello! I'm starting dataset preparation.
2025-03-19 23:50:34,242 - INFO - Step 1: Processing healthy chicken audio files...
2025-03-20 00:02:53,411 - INFO - Step 2: Processing sick chicken audio files...
2025-03-20 00:17:04,158 - INFO - Step 3: Processing noise audio files...
2025-03-20 00:49:58,262 - INFO - Balancing classes using SMOTE...
2025-03-20 00:49:58,276 - INFO - Dataset prepared: 42000 samples with 24 features each
2025-03-20 00:49:58,745 - INFO - [Checkpoint] Saved: dataset
2025-03-20 00:49:58,746 - INFO - Step 2: Performing feature selection analysis.
2025-03-20 00:49:58,747 - INFO - Let's analyze the features to see which ones matter most!
2025-03-20 05:39:03,968 - INFO - RFECV selected 22 features
2025-03-20 05:39:11,629 - INFO - PCA selected 5 components
2025-03-20 05:39:11,631 - INFO - [Checkpoint] Saved: feature_selection
2025-03-20 05:39:11,655 - INFO - Step 3: Training recommended models with deep RL tuning.
2025-03-20 05:39:11,656 - INFO - Starting model training with deep RL tuning...
2025-03-20 05:39:11,692 - INFO - Tuning Two-Tier SVM (tier1 and tier2)...
2025-03-20 05:39:11,700 - INFO - Starting deep RL tuning for SVM hyperparameters...
2025-03-20 05:47:13,623 - INFO - [RL SVM] Episode 1: C=0.3355, gamma=1.2021, reward=0.8176
2025-03-20 05:59:55,564 - INFO - [RL SVM] Episode 2: C=0.1181, gamma=11.3654, reward=0.6668
2025-03-20 06:09:19,364 - INFO - [RL SVM] Episode 3: C=0.6897, gamma=1.9080, reward=0.8524
2025-03-20 06:15:13,145 - INFO - [RL SVM] Episode 4: C=1.2136, gamma=0.8488, reward=0.8945
2025-03-20 06:22:03,757 - INFO - [RL SVM] Episode 5: C=1.3940, gamma=1.7523, reward=0.8803
2025-03-20 06:29:29,331 - INFO - [RL SVM] Episode 6: C=3.1067, gamma=1.6416, reward=0.8859
2025-03-20 06:35:13,867 - INFO - [RL SVM] Episode 7: C=4.3892, gamma=0.5597, reward=0.9108
2025-03-20 06:38:07,736 - INFO - [RL SVM] Episode 8: C=0.3929, gamma=0.3490, reward=0.8737
2025-03-20 06:43:19,850 - INFO - [RL SVM] Episode 9: C=0.5243, gamma=0.3526, reward=0.8834
2025-03-20 06:53:10,083 - INFO - [RL SVM] Episode 10: C=0.5639, gamma=1.9186, reward=0.8315
2025-03-20 07:00:16,254 - INFO - [RL SVM] Episode 11: C=3.7950, gamma=0.5083, reward=0.9108
2025-03-20 07:10:02,635 - INFO - [RL SVM] Episode 12: C=9.1762, gamma=1.0888, reward=0.9001
2025-03-20 07:16:05,603 - INFO - [RL SVM] Episode 13: C=1.9259, gamma=0.8827, reward=0.8981
2025-03-20 07:20:31,149 - INFO - [RL SVM] Episode 14: C=0.5997, gamma=0.6549, reward=0.8789
2025-03-20 07:33:10,325 - INFO - [RL SVM] Episode 15: C=2.2688, gamma=2.8615, reward=0.8646
2025-03-20 07:36:28,099 - INFO - [RL SVM] Episode 16: C=3.0298, gamma=0.0523, reward=0.8802
2025-03-20 07:43:07,863 - INFO - [RL SVM] Episode 17: C=1.6258, gamma=1.1975, reward=0.8916
2025-03-20 07:45:55,843 - INFO - [RL SVM] Episode 18: C=0.5488, gamma=0.3039, reward=0.8848
2025-03-20 07:49:44,398 - INFO - [RL SVM] Episode 19: C=0.4010, gamma=0.5752, reward=0.8619
2025-03-20 07:56:17,435 - INFO - [RL SVM] Episode 20: C=1.5783, gamma=0.7589, reward=0.8996
2025-03-20 08:07:39,836 - INFO - [RL SVM] Episode 21: C=3.5739, gamma=4.8502, reward=0.8446
2025-03-20 08:14:29,119 - INFO - [RL SVM] Episode 22: C=0.5530, gamma=1.4424, reward=0.8453
2025-03-20 08:19:22,935 - INFO - [RL SVM] Episode 23: C=0.7164, gamma=0.6974, reward=0.8837
2025-03-20 08:23:20,521 - INFO - [RL SVM] Episode 24: C=5.0761, gamma=0.3242, reward=0.9118
2025-03-20 08:31:19,137 - INFO - [RL SVM] Episode 25: C=1.6949, gamma=1.7557, reward=0.8818
2025-03-20 08:37:20,384 - INFO - [RL SVM] Episode 26: C=1.4701, gamma=0.6895, reward=0.8997
2025-03-20 08:43:12,799 - INFO - [RL SVM] Episode 27: C=2.2470, gamma=0.5895, reward=0.9062
2025-03-20 08:47:35,954 - INFO - [RL SVM] Episode 28: C=0.4551, gamma=0.7055, reward=0.8624
2025-03-20 08:50:37,095 - INFO - [RL SVM] Episode 29: C=0.3925, gamma=0.4098, reward=0.8706
2025-03-20 08:54:00,910 - INFO - [RL SVM] Episode 30: C=2.4202, gamma=0.3127, reward=0.9055
2025-03-20 09:00:16,764 - INFO - [RL SVM] Episode 31: C=0.8173, gamma=1.1863, reward=0.8759
2025-03-20 09:07:46,603 - INFO - [RL SVM] Episode 32: C=1.6585, gamma=1.7900, reward=0.8813
2025-03-20 09:10:41,653 - INFO - [RL SVM] Episode 33: C=1.3342, gamma=0.6358, reward=0.8995
2025-03-20 09:16:35,918 - INFO - [RL SVM] Episode 34: C=0.7127, gamma=1.1618, reward=0.8712
2025-03-20 09:23:05,023 - INFO - [RL SVM] Episode 35: C=0.8513, gamma=1.1046, reward=0.8793
2025-03-20 09:28:43,466 - INFO - [RL SVM] Episode 36: C=1.7740, gamma=0.8655, reward=0.8979
2025-03-20 09:34:17,906 - INFO - [RL SVM] Episode 37: C=0.5853, gamma=0.9266, reward=0.8688
2025-03-20 09:41:40,926 - INFO - [RL SVM] Episode 38: C=2.7716, gamma=1.5174, reward=0.8880
2025-03-20 09:48:42,543 - INFO - [RL SVM] Episode 39: C=0.6065, gamma=1.6333, reward=0.8484
2025-03-20 09:54:45,151 - INFO - [RL SVM] Episode 40: C=1.4571, gamma=1.0680, reward=0.8928
2025-03-20 10:00:55,406 - INFO - [RL SVM] Episode 41: C=0.3043, gamma=1.3535, reward=0.8036
2025-03-20 10:07:24,986 - INFO - [RL SVM] Episode 42: C=0.4613, gamma=3.0563, reward=0.7883
2025-03-20 10:16:33,661 - INFO - [RL SVM] Episode 43: C=0.5505, gamma=1.5964, reward=0.8391
2025-03-20 10:23:14,731 - INFO - [RL SVM] Episode 44: C=1.6285, gamma=1.0383, reward=0.8943
2025-03-20 10:30:08,439 - INFO - [RL SVM] Episode 45: C=1.1769, gamma=0.5106, reward=0.8996
2025-03-20 10:32:25,417 - INFO - [RL SVM] Episode 46: C=0.6092, gamma=0.2128, reward=0.8842
2025-03-20 10:35:01,229 - INFO - [RL SVM] Episode 47: C=1.8059, gamma=0.9874, reward=0.8956
2025-03-20 10:37:25,971 - INFO - [RL SVM] Episode 48: C=1.6960, gamma=0.8929, reward=0.8968
2025-03-20 10:40:52,927 - INFO - [RL SVM] Episode 49: C=0.7927, gamma=2.1996, reward=0.8549
2025-03-20 10:45:04,209 - INFO - [RL SVM] Episode 50: C=0.8614, gamma=2.1777, reward=0.8588
2025-03-20 10:45:04,843 - INFO - Best SVM hyperparameters found: (5.076123237609863, 0.32418861985206604) with reward 0.9118
2025-03-20 10:48:17,393 - INFO - Starting deep RL tuning for SVM hyperparameters...
2025-03-20 10:49:33,547 - INFO - [RL SVM] Episode 1: C=3.5414, gamma=1.0933, reward=0.9055
2025-03-20 10:50:49,517 - INFO - [RL SVM] Episode 2: C=0.3697, gamma=0.2139, reward=0.8674
2025-03-20 10:52:38,456 - INFO - [RL SVM] Episode 3: C=0.3631, gamma=0.9294, reward=0.8500
2025-03-20 10:53:16,301 - INFO - [RL SVM] Episode 4: C=0.2566, gamma=0.6623, reward=0.8395
2025-03-20 10:55:29,775 - INFO - [RL SVM] Episode 5: C=0.9233, gamma=1.2742, reward=0.8882
2025-03-20 10:56:52,823 - INFO - [RL SVM] Episode 6: C=1.2128, gamma=0.4928, reward=0.9011
2025-03-20 10:58:25,324 - INFO - [RL SVM] Episode 7: C=3.1998, gamma=0.5071, reward=0.9089
2025-03-20 11:00:30,061 - INFO - [RL SVM] Episode 8: C=0.1524, gamma=1.1218, reward=0.7600
2025-03-20 11:02:00,099 - INFO - [RL SVM] Episode 9: C=1.1072, gamma=1.9697, reward=0.8838
2025-03-20 11:04:03,523 - INFO - [RL SVM] Episode 10: C=0.0991, gamma=3.1761, reward=0.7013
2025-03-20 11:05:53,666 - INFO - [RL SVM] Episode 11: C=2.6713, gamma=0.8174, reward=0.9059
2025-03-20 11:06:15,920 - INFO - [RL SVM] Episode 12: C=2.3743, gamma=0.1792, reward=0.8996
2025-03-20 11:06:47,012 - INFO - [RL SVM] Episode 13: C=0.8209, gamma=0.4506, reward=0.8936
2025-03-20 11:07:42,672 - INFO - [RL SVM] Episode 14: C=0.9903, gamma=1.3587, reward=0.8886
2025-03-20 11:09:35,814 - INFO - [RL SVM] Episode 15: C=3.0087, gamma=0.8837, reward=0.9063
2025-03-20 11:11:34,554 - INFO - [RL SVM] Episode 16: C=0.9458, gamma=0.5712, reward=0.8967
2025-03-20 11:14:04,686 - INFO - [RL SVM] Episode 17: C=2.3302, gamma=1.1136, reward=0.9017
2025-03-20 11:17:36,027 - INFO - [RL SVM] Episode 18: C=2.8906, gamma=0.8946, reward=0.9058
2025-03-20 11:19:04,783 - INFO - [RL SVM] Episode 19: C=1.2965, gamma=0.4585, reward=0.9022
2025-03-20 11:20:44,719 - INFO - [RL SVM] Episode 20: C=0.4840, gamma=1.8815, reward=0.8434
2025-03-20 11:23:49,529 - INFO - [RL SVM] Episode 21: C=0.5586, gamma=1.3511, reward=0.8675
2025-03-20 11:26:43,775 - INFO - [RL SVM] Episode 22: C=1.2770, gamma=1.7170, reward=0.8888
2025-03-20 11:30:17,435 - INFO - [RL SVM] Episode 23: C=1.0197, gamma=1.0087, reward=0.8945
2025-03-20 11:32:00,789 - INFO - [RL SVM] Episode 24: C=0.6074, gamma=2.1236, reward=0.8513
2025-03-20 11:36:12,544 - INFO - [RL SVM] Episode 25: C=2.5132, gamma=1.3759, reward=0.8987
2025-03-20 11:37:40,974 - INFO - [RL SVM] Episode 26: C=1.0975, gamma=0.4921, reward=0.8995
2025-03-20 11:41:46,227 - INFO - [RL SVM] Episode 27: C=1.2871, gamma=1.4236, reward=0.8921
2025-03-20 11:44:59,594 - INFO - [RL SVM] Episode 28: C=1.3809, gamma=2.5843, reward=0.8764
2025-03-20 11:48:11,645 - INFO - [RL SVM] Episode 29: C=0.4962, gamma=2.0151, reward=0.8410
2025-03-20 11:49:09,898 - INFO - [RL SVM] Episode 30: C=0.8538, gamma=0.2904, reward=0.8924
2025-03-20 11:50:21,012 - INFO - [RL SVM] Episode 31: C=0.7016, gamma=0.4308, reward=0.8898
2025-03-20 11:53:38,073 - INFO - [RL SVM] Episode 32: C=1.0536, gamma=0.7699, reward=0.8978
2025-03-20 11:55:17,671 - INFO - [RL SVM] Episode 33: C=0.5692, gamma=2.4317, reward=0.8397
2025-03-20 11:56:45,687 - INFO - [RL SVM] Episode 34: C=0.5924, gamma=0.9045, reward=0.8788
2025-03-20 11:59:03,419 - INFO - [RL SVM] Episode 35: C=0.8738, gamma=1.2991, reward=0.8854
2025-03-20 12:00:07,746 - INFO - [RL SVM] Episode 36: C=1.5254, gamma=0.3260, reward=0.9026
2025-03-20 12:04:25,225 - INFO - [RL SVM] Episode 37: C=0.8154, gamma=3.6011, reward=0.8353
2025-03-20 12:05:42,189 - INFO - [RL SVM] Episode 38: C=0.2811, gamma=0.8610, reward=0.8329
2025-03-20 12:08:46,048 - INFO - [RL SVM] Episode 39: C=0.6577, gamma=0.8494, reward=0.8842
2025-03-20 12:09:53,534 - INFO - [RL SVM] Episode 40: C=0.8147, gamma=0.3795, reward=0.8929
2025-03-20 12:11:19,830 - INFO - [RL SVM] Episode 41: C=0.7105, gamma=0.6121, reward=0.8895
2025-03-20 12:15:14,752 - INFO - [RL SVM] Episode 42: C=2.5657, gamma=1.0937, reward=0.9031
2025-03-20 12:16:28,833 - INFO - [RL SVM] Episode 43: C=0.5737, gamma=0.5400, reward=0.8835
2025-03-20 12:19:19,970 - INFO - [RL SVM] Episode 44: C=0.9111, gamma=2.3343, reward=0.8676
2025-03-20 12:22:43,157 - INFO - [RL SVM] Episode 45: C=0.5573, gamma=2.5628, reward=0.8354
2025-03-20 12:24:51,721 - INFO - [RL SVM] Episode 46: C=1.0961, gamma=0.7977, reward=0.8978
2025-03-20 12:28:02,779 - INFO - [RL SVM] Episode 47: C=0.6198, gamma=1.2531, reward=0.8738
2025-03-20 12:30:08,627 - INFO - [RL SVM] Episode 48: C=1.8022, gamma=0.7210, reward=0.9034
2025-03-20 12:31:32,134 - INFO - [RL SVM] Episode 49: C=0.5882, gamma=0.6874, reward=0.8832
2025-03-20 12:33:11,992 - INFO - [RL SVM] Episode 50: C=0.6034, gamma=1.4672, reward=0.8680
2025-03-20 12:33:12,502 - INFO - Best SVM hyperparameters found: (3.1997878551483154, 0.5070940852165222) with reward 0.9089
2025-03-20 12:50:16,989 - INFO - Tuning SVM 1v1v1...
2025-03-20 12:50:16,990 - INFO - Starting deep RL tuning for SVM hyperparameters...
2025-03-20 12:55:32,045 - INFO - [RL SVM] Episode 1: C=0.8483, gamma=0.8479, reward=0.8312
2025-03-20 12:59:37,585 - INFO - [RL SVM] Episode 2: C=0.1912, gamma=1.2130, reward=0.6698
