2025-03-19 16:42:36,128 - INFO - Welcome! Starting Phase 5 experiment on chicken sound classification.
2025-03-19 16:42:36,129 - INFO - Step 1: Preparing dataset with augmentation.
2025-03-19 16:42:36,129 - INFO - Hello! I'm starting dataset preparation.
2025-03-19 16:42:36,129 - INFO - Step 1: Processing healthy chicken audio files...
2025-03-19 16:48:49,534 - INFO - Step 2: Processing sick chicken audio files...
2025-03-19 16:56:58,499 - INFO - Step 3: Processing noise audio files...
2025-03-19 17:03:30,606 - INFO - Balancing classes using SMOTE...
2025-03-19 17:03:30,612 - INFO - Dataset prepared: 42000 samples with 24 features each
2025-03-19 17:03:31,021 - INFO - [Checkpoint] Saved: dataset
2025-03-19 17:03:31,021 - INFO - Step 2: Performing feature selection analysis.
2025-03-19 17:03:31,022 - INFO - Let's analyze the features to see which ones matter most!
2025-03-19 18:41:10,577 - INFO - RFECV selected 24 features
2025-03-19 18:41:14,540 - INFO - PCA selected 5 components
2025-03-19 18:41:14,542 - INFO - [Checkpoint] Saved: feature_selection
2025-03-19 18:41:14,558 - INFO - Step 3: Training recommended models with deep RL tuning.
2025-03-19 18:41:14,558 - INFO - Starting model training with deep RL tuning...
2025-03-19 18:41:14,584 - INFO - Tuning Two-Tier SVM (tier1 and tier2)...
2025-03-19 18:41:14,587 - INFO - Starting deep RL tuning for SVM hyperparameters...
2025-03-19 18:42:38,485 - INFO - [RL SVM] Episode 1: C=1.3417, gamma=0.4567, reward=0.9018
2025-03-19 18:46:31,721 - INFO - [RL SVM] Episode 2: C=2.3741, gamma=6.2554, reward=0.8381
2025-03-19 18:48:25,796 - INFO - [RL SVM] Episode 3: C=1.4341, gamma=0.7109, reward=0.8998
2025-03-19 18:50:28,917 - INFO - [RL SVM] Episode 4: C=0.9957, gamma=1.3605, reward=0.8795
2025-03-19 18:53:59,617 - INFO - [RL SVM] Episode 5: C=1.1406, gamma=6.6300, reward=0.8315
2025-03-19 18:54:49,004 - INFO - [RL SVM] Episode 6: C=2.5683, gamma=0.2017, reward=0.9034
2025-03-19 19:00:05,353 - INFO - [RL SVM] Episode 7: C=2.6111, gamma=1.8006, reward=0.8822
2025-03-19 19:05:05,143 - INFO - [RL SVM] Episode 8: C=0.5241, gamma=0.9523, reward=0.8598
2025-03-19 19:08:05,103 - INFO - [RL SVM] Episode 9: C=1.2923, gamma=0.4982, reward=0.9008
2025-03-19 19:16:00,804 - INFO - [RL SVM] Episode 10: C=7.8310, gamma=1.8171, reward=0.8832
2025-03-19 19:23:18,947 - INFO - [RL SVM] Episode 11: C=1.3107, gamma=2.3284, reward=0.8684
2025-03-19 19:29:47,912 - INFO - [RL SVM] Episode 12: C=1.9700, gamma=1.3067, reward=0.8918
2025-03-19 19:38:38,749 - INFO - [RL SVM] Episode 13: C=3.2171, gamma=2.8445, reward=0.8646
2025-03-19 19:42:03,551 - INFO - [RL SVM] Episode 14: C=0.3160, gamma=0.5685, reward=0.8523
2025-03-19 19:48:27,122 - INFO - [RL SVM] Episode 15: C=1.0657, gamma=1.0062, reward=0.8896
2025-03-19 19:51:42,509 - INFO - [RL SVM] Episode 16: C=0.7572, gamma=0.4161, reward=0.8920
2025-03-19 19:58:15,163 - INFO - [RL SVM] Episode 17: C=0.8081, gamma=2.3653, reward=0.8509
2025-03-19 20:02:51,104 - INFO - [RL SVM] Episode 18: C=2.5587, gamma=0.5237, reward=0.9079
2025-03-19 20:07:18,038 - INFO - [RL SVM] Episode 19: C=1.2204, gamma=0.5349, reward=0.9001
2025-03-19 20:13:01,854 - INFO - [RL SVM] Episode 20: C=2.3106, gamma=0.8993, reward=0.9012
2025-03-19 20:15:33,490 - INFO - [RL SVM] Episode 21: C=1.4679, gamma=0.2375, reward=0.8991
2025-03-19 20:18:22,669 - INFO - [RL SVM] Episode 22: C=0.2018, gamma=0.4904, reward=0.8346
2025-03-19 20:23:29,854 - INFO - [RL SVM] Episode 23: C=0.8284, gamma=0.8081, reward=0.8873
2025-03-19 20:26:15,679 - INFO - [RL SVM] Episode 24: C=0.0764, gamma=0.5090, reward=0.7815
2025-03-19 20:29:55,528 - INFO - [RL SVM] Episode 25: C=1.8415, gamma=0.4109, reward=0.9049
2025-03-19 20:36:28,006 - INFO - [RL SVM] Episode 26: C=1.9088, gamma=1.3706, reward=0.8903
2025-03-19 20:41:14,380 - INFO - [RL SVM] Episode 27: C=2.7364, gamma=0.5452, reward=0.9084
2025-03-19 20:44:39,248 - INFO - [RL SVM] Episode 28: C=0.3094, gamma=0.6175, reward=0.8471
2025-03-19 20:48:18,651 - INFO - [RL SVM] Episode 29: C=1.4096, gamma=0.3999, reward=0.9020
2025-03-19 20:51:10,255 - INFO - [RL SVM] Episode 30: C=1.1111, gamma=0.3212, reward=0.8979
2025-03-19 20:52:53,543 - INFO - [RL SVM] Episode 31: C=0.6170, gamma=0.1242, reward=0.8797
2025-03-19 20:58:44,253 - INFO - [RL SVM] Episode 32: C=0.5419, gamma=2.0153, reward=0.8235
2025-03-19 21:05:42,122 - INFO - [RL SVM] Episode 33: C=1.6930, gamma=1.7091, reward=0.8826
2025-03-19 21:11:23,420 - INFO - [RL SVM] Episode 34: C=1.5369, gamma=0.3595, reward=0.9019
2025-03-19 21:19:23,155 - INFO - [RL SVM] Episode 35: C=0.6093, gamma=0.8244, reward=0.8752
2025-03-19 21:25:23,705 - INFO - [RL SVM] Episode 36: C=2.2855, gamma=1.5688, reward=0.8862
2025-03-19 21:28:42,603 - INFO - [RL SVM] Episode 37: C=2.1485, gamma=2.0636, reward=0.8767
2025-03-19 21:33:14,614 - INFO - [RL SVM] Episode 38: C=2.5253, gamma=1.5500, reward=0.8872
2025-03-19 21:35:41,191 - INFO - [RL SVM] Episode 39: C=1.5949, gamma=1.5707, reward=0.8845
2025-03-19 21:38:21,749 - INFO - [RL SVM] Episode 40: C=0.3307, gamma=0.4579, reward=0.8633
2025-03-19 21:40:20,721 - INFO - [RL SVM] Episode 41: C=2.4710, gamma=1.0466, reward=0.8982
2025-03-19 21:42:51,002 - INFO - [RL SVM] Episode 42: C=0.5816, gamma=2.4833, reward=0.8185
2025-03-19 21:46:59,113 - INFO - [RL SVM] Episode 43: C=0.8916, gamma=1.1269, reward=0.8818
2025-03-19 21:48:29,336 - INFO - [RL SVM] Episode 44: C=0.8578, gamma=0.6511, reward=0.8919
2025-03-19 21:51:08,849 - INFO - [RL SVM] Episode 45: C=1.3679, gamma=0.4322, reward=0.9019
2025-03-19 21:53:33,153 - INFO - [RL SVM] Episode 46: C=3.3623, gamma=1.3101, reward=0.8939
2025-03-19 21:56:29,808 - INFO - [RL SVM] Episode 47: C=1.8683, gamma=0.4236, reward=0.9050
2025-03-19 21:57:55,489 - INFO - [RL SVM] Episode 48: C=0.4908, gamma=0.7269, reward=0.8662
2025-03-19 21:59:32,193 - INFO - [RL SVM] Episode 49: C=1.3295, gamma=0.5960, reward=0.9016
2025-03-19 22:04:23,035 - INFO - [RL SVM] Episode 50: C=1.6740, gamma=2.0463, reward=0.8754
2025-03-19 22:04:23,217 - INFO - Best SVM hyperparameters found: (2.736421585083008, 0.5451555848121643) with reward 0.9084
2025-03-19 22:07:16,583 - INFO - Starting deep RL tuning for SVM hyperparameters...
2025-03-19 22:08:30,892 - INFO - [RL SVM] Episode 1: C=1.3503, gamma=0.4386, reward=0.9044
2025-03-19 22:09:34,646 - INFO - [RL SVM] Episode 2: C=0.7781, gamma=0.2905, reward=0.8916
2025-03-19 22:09:57,408 - INFO - [RL SVM] Episode 3: C=0.4420, gamma=0.4723, reward=0.8757
2025-03-19 22:11:28,181 - INFO - [RL SVM] Episode 4: C=8.1227, gamma=0.7899, reward=0.9132
2025-03-19 22:11:50,373 - INFO - [RL SVM] Episode 5: C=0.4581, gamma=0.2410, reward=0.8739
2025-03-19 22:13:07,241 - INFO - [RL SVM] Episode 6: C=1.0029, gamma=4.1875, reward=0.8440
2025-03-19 22:14:51,181 - INFO - [RL SVM] Episode 7: C=0.6071, gamma=1.8919, reward=0.8587
2025-03-19 22:15:19,907 - INFO - [RL SVM] Episode 8: C=1.0685, gamma=0.4715, reward=0.9008
2025-03-19 22:16:55,582 - INFO - [RL SVM] Episode 9: C=0.2899, gamma=1.5722, reward=0.7923
2025-03-19 22:17:58,024 - INFO - [RL SVM] Episode 10: C=2.4035, gamma=2.8489, reward=0.8715
2025-03-19 22:19:00,421 - INFO - [RL SVM] Episode 11: C=1.2797, gamma=1.5164, reward=0.8933
2025-03-19 22:20:55,465 - INFO - [RL SVM] Episode 12: C=0.3240, gamma=4.6164, reward=0.7796
2025-03-19 22:22:57,471 - INFO - [RL SVM] Episode 13: C=2.4054, gamma=1.3844, reward=0.8994
2025-03-19 22:23:22,093 - INFO - [RL SVM] Episode 14: C=0.7907, gamma=0.3267, reward=0.8929
2025-03-19 22:24:21,094 - INFO - [RL SVM] Episode 15: C=2.8881, gamma=1.3692, reward=0.9002
2025-03-19 22:26:49,058 - INFO - [RL SVM] Episode 16: C=0.6328, gamma=0.8041, reward=0.8864
2025-03-19 22:29:43,303 - INFO - [RL SVM] Episode 17: C=0.3430, gamma=1.5676, reward=0.8141
2025-03-19 22:30:02,825 - INFO - [RL SVM] Episode 18: C=0.7432, gamma=0.2135, reward=0.8857
2025-03-19 22:31:17,421 - INFO - [RL SVM] Episode 19: C=0.3300, gamma=0.6340, reward=0.8575
2025-03-19 22:31:45,932 - INFO - [RL SVM] Episode 20: C=0.2229, gamma=1.5781, reward=0.7652
2025-03-19 22:32:56,055 - INFO - [RL SVM] Episode 21: C=0.3458, gamma=0.4250, reward=0.8663
2025-03-19 22:33:30,497 - INFO - [RL SVM] Episode 22: C=0.4476, gamma=1.2118, reward=0.8625
2025-03-19 22:34:02,583 - INFO - [RL SVM] Episode 23: C=0.2229, gamma=0.7465, reward=0.8244
2025-03-19 22:34:48,430 - INFO - [RL SVM] Episode 24: C=1.6724, gamma=0.6917, reward=0.9066
2025-03-19 22:35:49,821 - INFO - [RL SVM] Episode 25: C=1.7833, gamma=1.5442, reward=0.8950
2025-03-19 22:37:02,823 - INFO - [RL SVM] Episode 26: C=0.8788, gamma=0.5010, reward=0.8977
2025-03-19 22:38:43,606 - INFO - [RL SVM] Episode 27: C=1.4545, gamma=1.1230, reward=0.9005
2025-03-19 22:39:09,746 - INFO - [RL SVM] Episode 28: C=2.9224, gamma=0.3291, reward=0.9114
2025-03-19 22:39:37,355 - INFO - [RL SVM] Episode 29: C=1.6893, gamma=0.3687, reward=0.9056
2025-03-19 22:40:59,028 - INFO - [RL SVM] Episode 30: C=0.6319, gamma=0.6361, reward=0.8889
2025-03-19 22:42:39,099 - INFO - [RL SVM] Episode 31: C=2.0393, gamma=1.0908, reward=0.9026
2025-03-19 22:44:15,379 - INFO - [RL SVM] Episode 32: C=0.4905, gamma=1.2335, reward=0.8671
2025-03-19 22:44:39,913 - INFO - [RL SVM] Episode 33: C=1.4374, gamma=0.3126, reward=0.9029
2025-03-19 22:46:07,483 - INFO - [RL SVM] Episode 34: C=0.2242, gamma=0.6832, reward=0.8290
2025-03-19 22:47:59,598 - INFO - [RL SVM] Episode 35: C=0.8118, gamma=2.2742, reward=0.8617
2025-03-19 22:49:14,337 - INFO - [RL SVM] Episode 36: C=1.0792, gamma=0.4349, reward=0.9008
2025-03-19 22:50:50,792 - INFO - [RL SVM] Episode 37: C=0.7811, gamma=1.3558, reward=0.8832
2025-03-19 22:56:30,387 - INFO - [RL SVM] Episode 38: C=0.9745, gamma=3.0359, reward=0.8600
2025-03-19 22:59:59,393 - INFO - [RL SVM] Episode 39: C=0.8543, gamma=1.6843, reward=0.8795
2025-03-19 23:01:16,812 - INFO - [RL SVM] Episode 40: C=0.5509, gamma=1.1336, reward=0.8753
2025-03-19 23:02:58,413 - INFO - [RL SVM] Episode 41: C=1.1678, gamma=0.5254, reward=0.9033
2025-03-19 23:04:35,055 - INFO - [RL SVM] Episode 42: C=1.0000, gamma=0.2788, reward=0.8967
2025-03-19 23:06:33,817 - INFO - [RL SVM] Episode 43: C=0.9143, gamma=1.4882, reward=0.8863
2025-03-19 23:07:30,735 - INFO - [RL SVM] Episode 44: C=0.6532, gamma=0.4416, reward=0.8905
2025-03-19 23:08:30,226 - INFO - [RL SVM] Episode 45: C=0.3810, gamma=0.6300, reward=0.8652
2025-03-19 23:11:30,270 - INFO - [RL SVM] Episode 46: C=1.0344, gamma=1.1215, reward=0.8962
2025-03-19 23:12:51,841 - INFO - [RL SVM] Episode 47: C=0.5507, gamma=2.1204, reward=0.8472
2025-03-19 23:14:00,049 - INFO - [RL SVM] Episode 48: C=0.6064, gamma=0.6813, reward=0.8864
2025-03-19 23:16:30,314 - INFO - [RL SVM] Episode 49: C=0.3649, gamma=0.6243, reward=0.8625
2025-03-19 23:18:04,200 - INFO - [RL SVM] Episode 50: C=0.7431, gamma=0.8338, reward=0.8906
2025-03-19 23:18:04,417 - INFO - Best SVM hyperparameters found: (8.122663497924805, 0.7898542881011963) with reward 0.9132
2025-03-19 23:33:32,823 - INFO - Tuning SVM 1v1v1...
2025-03-19 23:33:32,824 - INFO - Starting deep RL tuning for SVM hyperparameters...
2025-03-19 23:37:31,301 - INFO - [RL SVM] Episode 1: C=0.7051, gamma=1.6206, reward=0.8021
2025-03-19 23:40:55,084 - INFO - [RL SVM] Episode 2: C=0.2956, gamma=0.0700, reward=0.7754
2025-03-19 23:42:20,347 - INFO - [RL SVM] Episode 3: C=5.9285, gamma=0.2523, reward=0.8649
