2025-03-18 23:32:25,766 - INFO - Starting Phase 4 experiment
2025-03-18 23:32:25,768 - INFO - Step 1: Preparing dataset with augmentation
2025-03-18 23:32:25,768 - INFO - Processing healthy chicken audio files...
2025-03-18 23:41:41,634 - INFO - Processing sick chicken audio files...
2025-03-18 23:49:57,652 - INFO - Processing noise audio files...
2025-03-18 23:57:16,230 - INFO - Applying SMOTE for class balancing...
2025-03-18 23:57:16,243 - INFO - Dataset prepared: 42000 samples with 24 features each
2025-03-18 23:57:16,763 - INFO - Checkpoint saved: dataset
2025-03-18 23:57:16,764 - INFO - Step 2: Performing feature selection analysis
2025-03-18 23:57:16,764 - INFO - Performing feature selection analysis...
2025-03-19 04:10:55,834 - INFO - RFECV selected 22 features
2025-03-19 04:11:03,477 - INFO - PCA selected 5 components
2025-03-19 04:11:03,480 - INFO - Checkpoint saved: feature_selection
2025-03-19 04:11:03,495 - INFO - Step 3: Training recommended models (Optuna tuning)
2025-03-19 09:44:08,673 - INFO - Step 4: Training enhanced ensemble with weight tuning (Optuna)
2025-03-19 10:04:24,497 - INFO - Step 5: Performing final evaluation and generating report
2025-03-19 10:04:24,754 - INFO - Best model: Enhanced_Ensemble with test accuracy 0.9376
2025-03-19 10:04:25,027 - INFO - Checkpoint saved: final_evaluation
2025-03-19 10:04:25,029 - INFO - Full experiment completed successfully!
2025-03-19 10:04:25,030 - INFO - Results saved to phase4_experiment_20250318_233225
