2025-03-16 22:52:18,739 - INFO - Starting main at 2025-03-16 22:52:18
2025-03-16 22:52:18,739 - INFO - Starting Phase 4 experiment
2025-03-16 22:52:18,739 - INFO - Step 1: Preparing dataset
2025-03-16 22:52:18,739 - INFO - Starting prepare_dataset at 2025-03-16 22:52:18
2025-03-16 22:52:18,739 - INFO - Processing healthy chicken audio files...
2025-03-16 23:01:54,677 - INFO - Processing sick chicken audio files...
2025-03-16 23:10:49,307 - INFO - Processing noise audio files...
2025-03-16 23:19:46,527 - INFO - Applying SMOTE for class balancing...
2025-03-16 23:19:46,535 - INFO - Dataset prepared: 42000 samples with 24 features per sample
2025-03-16 23:19:47,190 - INFO - Checkpoint saved: dataset
2025-03-16 23:19:47,190 - INFO - Finished prepare_dataset in 1648.45 seconds
2025-03-16 23:19:47,190 - INFO - Step 2: Performing feature selection analysis
2025-03-16 23:19:47,190 - INFO - Starting feature_selection_analysis at 2025-03-16 23:19:47
2025-03-16 23:19:47,191 - INFO - Performing feature selection analysis...
2025-03-16 23:19:47,191 - INFO - Calculating feature importance with Extra Trees...
2025-03-16 23:19:49,701 - INFO - Running Recursive Feature Elimination...
2025-03-17 00:27:27,276 - INFO - RFECV selected 24 features
2025-03-17 00:27:27,276 - INFO - Calculating mutual information...
2025-03-17 00:27:30,712 - INFO - Running PCA...
2025-03-17 00:27:30,809 - INFO - PCA selected 5 components
2025-03-17 00:27:30,810 - INFO - Checkpoint saved: feature_selection
2025-03-17 00:27:30,819 - INFO - Finished feature_selection_analysis in 4063.63 seconds
2025-03-17 00:27:30,819 - INFO - Step 3: Training and evaluating models
2025-03-17 00:27:30,819 - INFO - Starting train_and_evaluate_models at 2025-03-17 00:27:30
2025-03-17 00:27:30,836 - INFO - Training SVM with all_features using Optuna for hyperparameter tuning...
2025-03-17 04:01:19,559 - INFO - Checkpoint saved: model_SVM_all_features
2025-03-17 04:01:19,561 - INFO - Results for SVM with all_features:
2025-03-17 04:01:19,562 - INFO -   Train Accuracy: 0.9736
2025-03-17 04:01:19,563 - INFO -   Test Accuracy: 0.9089
2025-03-17 04:01:19,564 - INFO -   F1 Score: 0.9091
2025-03-17 04:01:19,564 - INFO -   Overfitting Gap: 0.0646
2025-03-17 04:01:38,972 - INFO - Training SVM with rfecv using Optuna for hyperparameter tuning...
2025-03-17 08:36:50,202 - INFO - Checkpoint saved: model_SVM_rfecv
2025-03-17 08:36:50,203 - INFO - Results for SVM with rfecv:
2025-03-17 08:36:50,205 - INFO -   Train Accuracy: 0.9733
2025-03-17 08:36:50,206 - INFO -   Test Accuracy: 0.9090
2025-03-17 08:36:50,207 - INFO -   F1 Score: 0.9092
2025-03-17 08:36:50,208 - INFO -   Overfitting Gap: 0.0643
2025-03-17 08:37:08,982 - INFO - Training SVM with mutual_info using Optuna for hyperparameter tuning...
